{"uuid":"00602516-8277-4f6c-81dd-ec505a5d810a","historyId":"ed3c444e6daab439945c915eb2fc1f2f","fullName":"src/test/resources/features/useroperations.feature:21","labels":[{"name":"tag","value":"tag"},{"name":"tag","value":"GetAll"},{"name":"host","value":"Anusuyas-MBP.lan"},{"name":"thread","value":"27589@Anusuyas-MBP.lan.main(1)"},{"name":"feature","value":"Verify to Get All users"},{"name":"story","value":"Get All Users scenario"},{"name":"suite","value":"Verify to Get All users"},{"name":"testClass","value":"Get All Users scenario"},{"name":"framework","value":"cucumber4jvm"},{"name":"language","value":"java"},{"name":"gherkin_uri","value":"file:///Users/anusuyaselvaraj/codebase/RestAPINInja/src/test/resources/features/useroperations.feature"},{"name":"package","value":"src.test.resources.features.useroperations_feature.Verify to Get All users"}],"links":[],"name":"Get All Users scenario","status":"failed","statusDetails":{"known":false,"muted":false,"flaky":false,"message":"Reason phrase does not match! expected [Not Found] but found []","trace":"java.lang.AssertionError: Reason phrase does not match! expected [Not Found] but found []\n\tat org.testng.Assert.fail(Assert.java:111)\n\tat org.testng.Assert.failNotEquals(Assert.java:1578)\n\tat org.testng.Assert.assertEqualsImpl(Assert.java:150)\n\tat org.testng.Assert.assertEquals(Assert.java:132)\n\tat org.testng.Assert.assertEquals(Assert.java:656)\n\tat stepdefinition.getAllUsers.the_response_status_line_should_be(getAllUsers.java:55)\n\tat ✽.the response status line should be \"Not Found\"(file:///Users/anusuyaselvaraj/codebase/RestAPINInja/src/test/resources/features/useroperations.feature:14)\n"},"stage":"finished","steps":[{"name":"Given  the base URI is \"https://userserviceapp-f5a54828541b.herokuapp.com/uap/\"","status":"passed","statusDetails":{"known":false,"muted":false,"flaky":false},"stage":"finished","steps":[],"attachments":[],"parameters":[],"start":1727214286560,"stop":1727214286562},{"name":"When  Verify to send \"GET\" request to the \"\" with \"Basic\"","status":"passed","statusDetails":{"known":false,"muted":false,"flaky":false},"stage":"finished","steps":[],"attachments":[],"parameters":[],"start":1727214286562,"stop":1727214287315},{"name":"Then  the response status code should be 404","status":"passed","statusDetails":{"known":false,"muted":false,"flaky":false},"stage":"finished","steps":[],"attachments":[],"parameters":[],"start":1727214287317,"stop":1727214287321},{"name":"And  the response status line should be \"Not Found\"","status":"failed","statusDetails":{"known":false,"muted":false,"flaky":false,"message":"Reason phrase does not match! expected [Not Found] but found []","trace":"java.lang.AssertionError: Reason phrase does not match! expected [Not Found] but found []\n\tat org.testng.Assert.fail(Assert.java:111)\n\tat org.testng.Assert.failNotEquals(Assert.java:1578)\n\tat org.testng.Assert.assertEqualsImpl(Assert.java:150)\n\tat org.testng.Assert.assertEquals(Assert.java:132)\n\tat org.testng.Assert.assertEquals(Assert.java:656)\n\tat stepdefinition.getAllUsers.the_response_status_line_should_be(getAllUsers.java:55)\n\tat ✽.the response status line should be \"Not Found\"(file:///Users/anusuyaselvaraj/codebase/RestAPINInja/src/test/resources/features/useroperations.feature:14)\n"},"stage":"finished","steps":[],"attachments":[],"parameters":[],"start":1727214287322,"stop":1727214287330}],"attachments":[],"parameters":[{"name":"method","value":"GET"},{"name":"endpoint","value":""},{"name":"auth","value":"Basic"},{"name":"status_code","value":"404"},{"name":"status_line","value":"Not Found"}],"start":1727214286559,"stop":1727214287332}