{"uuid":"03fe8499-437a-4a42-91c7-e21c728da1c3","historyId":"dde7d93597a5f9780c7479847a83e389","fullName":"src/test/resources/features/useroperations.feature:19","labels":[{"name":"tag","value":"tag"},{"name":"tag","value":"GetAll"},{"name":"host","value":"Anusuyas-MBP.lan"},{"name":"thread","value":"27441@Anusuyas-MBP.lan.main(1)"},{"name":"feature","value":"Verify to Get All users"},{"name":"story","value":"Get All Users scenario"},{"name":"suite","value":"Verify to Get All users"},{"name":"testClass","value":"Get All Users scenario"},{"name":"framework","value":"cucumber4jvm"},{"name":"language","value":"java"},{"name":"gherkin_uri","value":"file:///Users/anusuyaselvaraj/codebase/RestAPINInja/src/test/resources/features/useroperations.feature"},{"name":"package","value":"src.test.resources.features.useroperations_feature.Verify to Get All users"}],"links":[],"name":"Get All Users scenario","status":"failed","statusDetails":{"known":false,"muted":false,"flaky":false,"message":"Status line does not match! expected [OK] but found [HTTP/1.1 200 ]","trace":"java.lang.AssertionError: Status line does not match! expected [OK] but found [HTTP/1.1 200 ]\n\tat org.testng.Assert.fail(Assert.java:111)\n\tat org.testng.Assert.failNotEquals(Assert.java:1578)\n\tat org.testng.Assert.assertEqualsImpl(Assert.java:150)\n\tat org.testng.Assert.assertEquals(Assert.java:132)\n\tat org.testng.Assert.assertEquals(Assert.java:656)\n\tat stepdefinition.getAllUsers.the_response_status_line_should_be(getAllUsers.java:51)\n\tat ✽.the response status line should be \"OK\"(file:///Users/anusuyaselvaraj/codebase/RestAPINInja/src/test/resources/features/useroperations.feature:14)\n"},"stage":"finished","steps":[{"name":"Given  the base URI is \"https://userserviceapp-f5a54828541b.herokuapp.com/uap/\"","status":"passed","statusDetails":{"known":false,"muted":false,"flaky":false},"stage":"finished","steps":[],"attachments":[],"parameters":[],"start":1727213601244,"stop":1727213601781},{"name":"When  Verify to send \"GET\" request to the \"users\" with \"Basic\"","status":"passed","statusDetails":{"known":false,"muted":false,"flaky":false},"stage":"finished","steps":[],"attachments":[],"parameters":[],"start":1727213601793,"stop":1727213604606},{"name":"Then  the response status code should be 200","status":"passed","statusDetails":{"known":false,"muted":false,"flaky":false},"stage":"finished","steps":[],"attachments":[],"parameters":[],"start":1727213604608,"stop":1727213604652},{"name":"And  the response status line should be \"OK\"","status":"failed","statusDetails":{"known":false,"muted":false,"flaky":false,"message":"Status line does not match! expected [OK] but found [HTTP/1.1 200 ]","trace":"java.lang.AssertionError: Status line does not match! expected [OK] but found [HTTP/1.1 200 ]\n\tat org.testng.Assert.fail(Assert.java:111)\n\tat org.testng.Assert.failNotEquals(Assert.java:1578)\n\tat org.testng.Assert.assertEqualsImpl(Assert.java:150)\n\tat org.testng.Assert.assertEquals(Assert.java:132)\n\tat org.testng.Assert.assertEquals(Assert.java:656)\n\tat stepdefinition.getAllUsers.the_response_status_line_should_be(getAllUsers.java:51)\n\tat ✽.the response status line should be \"OK\"(file:///Users/anusuyaselvaraj/codebase/RestAPINInja/src/test/resources/features/useroperations.feature:14)\n"},"stage":"finished","steps":[],"attachments":[],"parameters":[],"start":1727213604653,"stop":1727213604697}],"attachments":[],"parameters":[{"name":"scenario name","value":"Get All - valid endpoint"},{"name":"method","value":"GET"},{"name":"endpoint","value":"users"},{"name":"auth","value":"Basic"},{"name":"status_code","value":"200"},{"name":"status_line","value":"OK"}],"start":1727213601234,"stop":1727213604710}