{"uuid":"32299c93-4263-4fae-9a21-48eda0dd2650","historyId":"ed3c444e6daab439945c915eb2fc1f2f","fullName":"src/test/resources/features/useroperations.feature:21","labels":[{"name":"tag","value":"tag"},{"name":"tag","value":"GetAll"},{"name":"host","value":"Anusuyas-MBP.lan"},{"name":"thread","value":"29952@Anusuyas-MBP.lan.main(1)"},{"name":"feature","value":"Verify to Get All users"},{"name":"story","value":"Get All Users scenario"},{"name":"suite","value":"Verify to Get All users"},{"name":"testClass","value":"Get All Users scenario"},{"name":"framework","value":"cucumber4jvm"},{"name":"language","value":"java"},{"name":"gherkin_uri","value":"file:///Users/anusuyaselvaraj/codebase/RestAPINInja/src/test/resources/features/useroperations.feature"},{"name":"package","value":"src.test.resources.features.useroperations_feature.Verify to Get All users"}],"links":[],"name":"Get All Users scenario","status":"failed","statusDetails":{"known":false,"muted":false,"flaky":false,"message":"expected [404] but found [io.restassured.internal.ValidatableResponseImpl@2b6262bc]","trace":"java.lang.AssertionError: expected [404] but found [io.restassured.internal.ValidatableResponseImpl@2b6262bc]\n\tat org.testng.Assert.fail(Assert.java:111)\n\tat org.testng.Assert.failNotEquals(Assert.java:1578)\n\tat org.testng.Assert.assertEqualsImpl(Assert.java:150)\n\tat org.testng.Assert.assertEquals(Assert.java:132)\n\tat org.testng.Assert.assertEquals(Assert.java:644)\n\tat stepdefinition.getAllUsers.the_response_status_code_should_be(getAllUsers.java:69)\n\tat ✽.the response status code should be 404(file:///Users/anusuyaselvaraj/codebase/RestAPINInja/src/test/resources/features/useroperations.feature:13)\n"},"stage":"finished","steps":[{"name":"Given  the base URI is \"https://userserviceapp-f5a54828541b.herokuapp.com/uap/\"","status":"passed","statusDetails":{"known":false,"muted":false,"flaky":false},"stage":"finished","steps":[],"attachments":[],"parameters":[],"start":1727275323718,"stop":1727275323723},{"name":"When  Verify to send \"GET\" request to the \"\" with \"Basic\"","status":"passed","statusDetails":{"known":false,"muted":false,"flaky":false},"stage":"finished","steps":[],"attachments":[],"parameters":[],"start":1727275323725,"stop":1727275324514},{"name":"Then  the response status code should be 404","status":"failed","statusDetails":{"known":false,"muted":false,"flaky":false,"message":"expected [404] but found [io.restassured.internal.ValidatableResponseImpl@2b6262bc]","trace":"java.lang.AssertionError: expected [404] but found [io.restassured.internal.ValidatableResponseImpl@2b6262bc]\n\tat org.testng.Assert.fail(Assert.java:111)\n\tat org.testng.Assert.failNotEquals(Assert.java:1578)\n\tat org.testng.Assert.assertEqualsImpl(Assert.java:150)\n\tat org.testng.Assert.assertEquals(Assert.java:132)\n\tat org.testng.Assert.assertEquals(Assert.java:644)\n\tat stepdefinition.getAllUsers.the_response_status_code_should_be(getAllUsers.java:69)\n\tat ✽.the response status code should be 404(file:///Users/anusuyaselvaraj/codebase/RestAPINInja/src/test/resources/features/useroperations.feature:13)\n"},"stage":"finished","steps":[],"attachments":[],"parameters":[],"start":1727275324528,"stop":1727275324564},{"name":"And  the response \"status_line\" should be \"Not Found\"","status":"skipped","statusDetails":{"known":false,"muted":false,"flaky":false},"stage":"finished","steps":[],"attachments":[],"parameters":[],"start":1727275324572,"stop":1727275324578}],"attachments":[],"parameters":[{"name":"method","value":"GET"},{"name":"endpoint","value":""},{"name":"auth","value":"Basic"},{"name":"status_code","value":"404"},{"name":"status_line","value":"Not Found"}],"start":1727275323714,"stop":1727275324580}