{"uuid":"34fdb446-7cce-46ae-92af-ccf5336ebc59","historyId":"ecf3bf034a9e42ac72085499d22121ea","fullName":"src/test/resources/features/useroperations.feature:24","labels":[{"name":"tag","value":"tag"},{"name":"tag","value":"GetAll"},{"name":"host","value":"Anusuyas-MBP.lan"},{"name":"thread","value":"29952@Anusuyas-MBP.lan.main(1)"},{"name":"feature","value":"Verify to Get All users"},{"name":"story","value":"Get All Users scenario"},{"name":"suite","value":"Verify to Get All users"},{"name":"testClass","value":"Get All Users scenario"},{"name":"framework","value":"cucumber4jvm"},{"name":"language","value":"java"},{"name":"gherkin_uri","value":"file:///Users/anusuyaselvaraj/codebase/RestAPINInja/src/test/resources/features/useroperations.feature"},{"name":"package","value":"src.test.resources.features.useroperations_feature.Verify to Get All users"}],"links":[],"name":"Get All Users scenario","status":"failed","statusDetails":{"known":false,"muted":false,"flaky":false,"message":"expected [405] but found [io.restassured.internal.ValidatableResponseImpl@5a466dd]","trace":"java.lang.AssertionError: expected [405] but found [io.restassured.internal.ValidatableResponseImpl@5a466dd]\n\tat org.testng.Assert.fail(Assert.java:111)\n\tat org.testng.Assert.failNotEquals(Assert.java:1578)\n\tat org.testng.Assert.assertEqualsImpl(Assert.java:150)\n\tat org.testng.Assert.assertEquals(Assert.java:132)\n\tat org.testng.Assert.assertEquals(Assert.java:644)\n\tat stepdefinition.getAllUsers.the_response_status_code_should_be(getAllUsers.java:69)\n\tat ✽.the response status code should be 405(file:///Users/anusuyaselvaraj/codebase/RestAPINInja/src/test/resources/features/useroperations.feature:13)\n"},"stage":"finished","steps":[{"name":"Given  the base URI is \"https://userserviceapp-f5a54828541b.herokuapp.com/uap/\"","status":"passed","statusDetails":{"known":false,"muted":false,"flaky":false},"stage":"finished","steps":[],"attachments":[],"parameters":[],"start":1727275326122,"stop":1727275326124},{"name":"When  Verify to send \"POST\" request to the \"users\" with \"Basic\"","status":"passed","statusDetails":{"known":false,"muted":false,"flaky":false},"stage":"finished","steps":[],"attachments":[],"parameters":[],"start":1727275326126,"stop":1727275327167},{"name":"Then  the response status code should be 405","status":"failed","statusDetails":{"known":false,"muted":false,"flaky":false,"message":"expected [405] but found [io.restassured.internal.ValidatableResponseImpl@5a466dd]","trace":"java.lang.AssertionError: expected [405] but found [io.restassured.internal.ValidatableResponseImpl@5a466dd]\n\tat org.testng.Assert.fail(Assert.java:111)\n\tat org.testng.Assert.failNotEquals(Assert.java:1578)\n\tat org.testng.Assert.assertEqualsImpl(Assert.java:150)\n\tat org.testng.Assert.assertEquals(Assert.java:132)\n\tat org.testng.Assert.assertEquals(Assert.java:644)\n\tat stepdefinition.getAllUsers.the_response_status_code_should_be(getAllUsers.java:69)\n\tat ✽.the response status code should be 405(file:///Users/anusuyaselvaraj/codebase/RestAPINInja/src/test/resources/features/useroperations.feature:13)\n"},"stage":"finished","steps":[],"attachments":[],"parameters":[],"start":1727275327181,"stop":1727275327210},{"name":"And  the response \"status_line\" should be \"Method Not Allowed\"","status":"skipped","statusDetails":{"known":false,"muted":false,"flaky":false},"stage":"finished","steps":[],"attachments":[],"parameters":[],"start":1727275327211,"stop":1727275327213}],"attachments":[],"parameters":[{"name":"method","value":"POST"},{"name":"endpoint","value":"users"},{"name":"auth","value":"Basic"},{"name":"status_code","value":"405"},{"name":"status_line","value":"Method Not Allowed"}],"start":1727275326119,"stop":1727275327227}