{"uuid":"3514fc8c-8c1c-443e-a66f-8ae6b23323e2","historyId":"1e2cf07d4c2b5bae4660ddbf67be1d44","fullName":"src/test/resources/features/useroperations.feature:22","labels":[{"name":"tag","value":"tag"},{"name":"tag","value":"GetAll"},{"name":"host","value":"Anusuyas-MBP.lan"},{"name":"thread","value":"27441@Anusuyas-MBP.lan.main(1)"},{"name":"feature","value":"Verify to Get All users"},{"name":"story","value":"Get All Users scenario"},{"name":"suite","value":"Verify to Get All users"},{"name":"testClass","value":"Get All Users scenario"},{"name":"framework","value":"cucumber4jvm"},{"name":"language","value":"java"},{"name":"gherkin_uri","value":"file:///Users/anusuyaselvaraj/codebase/RestAPINInja/src/test/resources/features/useroperations.feature"},{"name":"package","value":"src.test.resources.features.useroperations_feature.Verify to Get All users"}],"links":[],"name":"Get All Users scenario","status":"failed","statusDetails":{"known":false,"muted":false,"flaky":false,"message":"Status line does not match! expected [Not Found] but found [HTTP/1.1 404 ]","trace":"java.lang.AssertionError: Status line does not match! expected [Not Found] but found [HTTP/1.1 404 ]\n\tat org.testng.Assert.fail(Assert.java:111)\n\tat org.testng.Assert.failNotEquals(Assert.java:1578)\n\tat org.testng.Assert.assertEqualsImpl(Assert.java:150)\n\tat org.testng.Assert.assertEquals(Assert.java:132)\n\tat org.testng.Assert.assertEquals(Assert.java:656)\n\tat stepdefinition.getAllUsers.the_response_status_line_should_be(getAllUsers.java:51)\n\tat ✽.the response status line should be \"Not Found\"(file:///Users/anusuyaselvaraj/codebase/RestAPINInja/src/test/resources/features/useroperations.feature:14)\n"},"stage":"finished","steps":[{"name":"Given  the base URI is \"https://userserviceapp-f5a54828541b.herokuapp.com/uap/\"","status":"passed","statusDetails":{"known":false,"muted":false,"flaky":false},"stage":"finished","steps":[],"attachments":[],"parameters":[],"start":1727213606354,"stop":1727213606355},{"name":"When  Verify to send \"GET\" request to the \"null\" with \"Basic\"","status":"passed","statusDetails":{"known":false,"muted":false,"flaky":false},"stage":"finished","steps":[],"attachments":[],"parameters":[],"start":1727213606355,"stop":1727213607061},{"name":"Then  the response status code should be 404","status":"passed","statusDetails":{"known":false,"muted":false,"flaky":false},"stage":"finished","steps":[],"attachments":[],"parameters":[],"start":1727213607063,"stop":1727213607066},{"name":"And  the response status line should be \"Not Found\"","status":"failed","statusDetails":{"known":false,"muted":false,"flaky":false,"message":"Status line does not match! expected [Not Found] but found [HTTP/1.1 404 ]","trace":"java.lang.AssertionError: Status line does not match! expected [Not Found] but found [HTTP/1.1 404 ]\n\tat org.testng.Assert.fail(Assert.java:111)\n\tat org.testng.Assert.failNotEquals(Assert.java:1578)\n\tat org.testng.Assert.assertEqualsImpl(Assert.java:150)\n\tat org.testng.Assert.assertEquals(Assert.java:132)\n\tat org.testng.Assert.assertEquals(Assert.java:656)\n\tat stepdefinition.getAllUsers.the_response_status_line_should_be(getAllUsers.java:51)\n\tat ✽.the response status line should be \"Not Found\"(file:///Users/anusuyaselvaraj/codebase/RestAPINInja/src/test/resources/features/useroperations.feature:14)\n"},"stage":"finished","steps":[],"attachments":[],"parameters":[],"start":1727213607067,"stop":1727213607073}],"attachments":[],"parameters":[{"name":"scenario name","value":"Get All - null endpoint"},{"name":"method","value":"GET"},{"name":"endpoint","value":"null"},{"name":"auth","value":"Basic"},{"name":"status_code","value":"404"},{"name":"status_line","value":"Not Found"}],"start":1727213606353,"stop":1727213607078}