{"uuid":"3ae10b42-4519-46ef-a7db-601aa2fff50f","historyId":"902d9852c21171291e8b05c3fc988088","fullName":"src/test/resources/features/useroperations.feature:23","labels":[{"name":"tag","value":"tag"},{"name":"tag","value":"GetAll"},{"name":"host","value":"Anusuyas-MBP.lan"},{"name":"thread","value":"30160@Anusuyas-MBP.lan.main(1)"},{"name":"feature","value":"Verify to Get All users"},{"name":"story","value":"Get All Users scenario"},{"name":"suite","value":"Verify to Get All users"},{"name":"testClass","value":"Get All Users scenario"},{"name":"framework","value":"cucumber4jvm"},{"name":"language","value":"java"},{"name":"gherkin_uri","value":"file:///Users/anusuyaselvaraj/codebase/RestAPINInja/src/test/resources/features/useroperations.feature"},{"name":"package","value":"src.test.resources.features.useroperations_feature.Verify to Get All users"}],"links":[],"name":"Get All Users scenario","status":"failed","statusDetails":{"known":false,"muted":false,"flaky":false,"message":"Status code does not match! expected [200] but found [401]","trace":"java.lang.AssertionError: Status code does not match! expected [200] but found [401]\n\tat org.testng.Assert.fail(Assert.java:111)\n\tat org.testng.Assert.failNotEquals(Assert.java:1578)\n\tat org.testng.Assert.assertEqualsImpl(Assert.java:150)\n\tat org.testng.Assert.assertEquals(Assert.java:132)\n\tat org.testng.Assert.assertEquals(Assert.java:1419)\n\tat org.testng.Assert.assertEquals(Assert.java:1383)\n\tat stepdefinition.getAllUsers.the_response_status_code_should_be(getAllUsers.java:70)\n\tat ✽.the response status code should be 200(file:///Users/anusuyaselvaraj/codebase/RestAPINInja/src/test/resources/features/useroperations.feature:13)\n"},"stage":"finished","steps":[{"name":"Given  the base URI is \"https://userserviceapp-f5a54828541b.herokuapp.com/uap/\"","status":"passed","statusDetails":{"known":false,"muted":false,"flaky":false},"stage":"finished","steps":[],"attachments":[],"parameters":[],"start":1727276327548,"stop":1727276327549},{"name":"When  Verify to send \"GET\" request to the \"users\" with \"\"","status":"passed","statusDetails":{"known":false,"muted":false,"flaky":false},"stage":"finished","steps":[],"attachments":[],"parameters":[],"start":1727276327549,"stop":1727276327844},{"name":"Then  the response status code should be 200","status":"failed","statusDetails":{"known":false,"muted":false,"flaky":false,"message":"Status code does not match! expected [200] but found [401]","trace":"java.lang.AssertionError: Status code does not match! expected [200] but found [401]\n\tat org.testng.Assert.fail(Assert.java:111)\n\tat org.testng.Assert.failNotEquals(Assert.java:1578)\n\tat org.testng.Assert.assertEqualsImpl(Assert.java:150)\n\tat org.testng.Assert.assertEquals(Assert.java:132)\n\tat org.testng.Assert.assertEquals(Assert.java:1419)\n\tat org.testng.Assert.assertEquals(Assert.java:1383)\n\tat stepdefinition.getAllUsers.the_response_status_code_should_be(getAllUsers.java:70)\n\tat ✽.the response status code should be 200(file:///Users/anusuyaselvaraj/codebase/RestAPINInja/src/test/resources/features/useroperations.feature:13)\n"},"stage":"finished","steps":[],"attachments":[],"parameters":[],"start":1727276327844,"stop":1727276327847},{"name":"And  the response \"status\" is \"OK\"","status":"skipped","statusDetails":{"known":false,"muted":false,"flaky":false},"stage":"finished","steps":[],"attachments":[],"parameters":[],"start":1727276327848,"stop":1727276327849}],"attachments":[],"parameters":[{"name":"method","value":"GET"},{"name":"endpoint","value":"users"},{"name":"auth","value":""},{"name":"status_code","value":"200"},{"name":"status_line","value":"OK"}],"start":1727276327547,"stop":1727276327849}