{"uuid":"3f1a3137-8d5b-41ff-b759-3dbde9b3d020","historyId":"dbfcf5109dc85a77ca3960fa57ea6ffa","fullName":"src/test/resources/features/useroperations.feature:25","labels":[{"name":"tag","value":"tag"},{"name":"tag","value":"GetAll"},{"name":"host","value":"Anusuyas-MBP.lan"},{"name":"thread","value":"30116@Anusuyas-MBP.lan.main(1)"},{"name":"feature","value":"Verify to Get All users"},{"name":"story","value":"Get All Users scenario"},{"name":"suite","value":"Verify to Get All users"},{"name":"testClass","value":"Get All Users scenario"},{"name":"framework","value":"cucumber4jvm"},{"name":"language","value":"java"},{"name":"gherkin_uri","value":"file:///Users/anusuyaselvaraj/codebase/RestAPINInja/src/test/resources/features/useroperations.feature"},{"name":"package","value":"src.test.resources.features.useroperations_feature.Verify to Get All users"}],"links":[],"name":"Get All Users scenario","status":"failed","statusDetails":{"known":false,"muted":false,"flaky":false,"message":"The response value for 'status' does not match! expected [Method Not Allowed] but found [405]","trace":"java.lang.AssertionError: The response value for 'status' does not match! expected [Method Not Allowed] but found [405]\n\tat org.testng.Assert.fail(Assert.java:111)\n\tat org.testng.Assert.failNotEquals(Assert.java:1578)\n\tat org.testng.Assert.assertEqualsImpl(Assert.java:150)\n\tat org.testng.Assert.assertEquals(Assert.java:132)\n\tat org.testng.Assert.assertEquals(Assert.java:656)\n\tat stepdefinition.getAllUsers.the_response_status_is(getAllUsers.java:79)\n\tat ✽.the response \"status\" is \"Method Not Allowed\"(file:///Users/anusuyaselvaraj/codebase/RestAPINInja/src/test/resources/features/useroperations.feature:14)\n"},"stage":"finished","steps":[{"name":"Given  the base URI is \"https://userserviceapp-f5a54828541b.herokuapp.com/uap/\"","status":"passed","statusDetails":{"known":false,"muted":false,"flaky":false},"stage":"finished","steps":[],"attachments":[],"parameters":[],"start":1727276120404,"stop":1727276120404},{"name":"When  Verify to send \"PUT\" request to the \"users\" with \"Basic\"","status":"passed","statusDetails":{"known":false,"muted":false,"flaky":false},"stage":"finished","steps":[],"attachments":[],"parameters":[],"start":1727276120405,"stop":1727276121073},{"name":"Then  the response status code should be 405","status":"passed","statusDetails":{"known":false,"muted":false,"flaky":false},"stage":"finished","steps":[],"attachments":[],"parameters":[],"start":1727276121075,"stop":1727276121078},{"name":"And  the response \"status\" is \"Method Not Allowed\"","status":"failed","statusDetails":{"known":false,"muted":false,"flaky":false,"message":"The response value for 'status' does not match! expected [Method Not Allowed] but found [405]","trace":"java.lang.AssertionError: The response value for 'status' does not match! expected [Method Not Allowed] but found [405]\n\tat org.testng.Assert.fail(Assert.java:111)\n\tat org.testng.Assert.failNotEquals(Assert.java:1578)\n\tat org.testng.Assert.assertEqualsImpl(Assert.java:150)\n\tat org.testng.Assert.assertEquals(Assert.java:132)\n\tat org.testng.Assert.assertEquals(Assert.java:656)\n\tat stepdefinition.getAllUsers.the_response_status_is(getAllUsers.java:79)\n\tat ✽.the response \"status\" is \"Method Not Allowed\"(file:///Users/anusuyaselvaraj/codebase/RestAPINInja/src/test/resources/features/useroperations.feature:14)\n"},"stage":"finished","steps":[],"attachments":[],"parameters":[],"start":1727276121079,"stop":1727276121115}],"attachments":[],"parameters":[{"name":"method","value":"PUT"},{"name":"endpoint","value":"users"},{"name":"auth","value":"Basic"},{"name":"status_code","value":"405"},{"name":"status_line","value":"Method Not Allowed"}],"start":1727276120403,"stop":1727276121116}