{"uuid":"6091e145-a4eb-4f36-aa07-cbc859c3809c","historyId":"9dd7e79c27d3ca2db93efb90a80aa38","fullName":"src/test/resources/features/post.feature:24","labels":[{"name":"tag","value":"PostRequest"},{"name":"tag","value":"CreateUser"},{"name":"host","value":"Anusuyas-MBP.lan"},{"name":"thread","value":"33708@Anusuyas-MBP.lan.main(1)"},{"name":"feature","value":"Create User using post request"},{"name":"story","value":"Create a new user from CSV file"},{"name":"suite","value":"Create User using post request"},{"name":"testClass","value":"Create a new user from CSV file"},{"name":"framework","value":"cucumber4jvm"},{"name":"language","value":"java"},{"name":"gherkin_uri","value":"file:///Users/anusuyaselvaraj/codebase/RestAPINInja/src/test/resources/features/post.feature"},{"name":"package","value":"src.test.resources.features.post_feature.Create User using post request"}],"links":[],"name":"Create a new user from CSV file","status":"failed","statusDetails":{"known":false,"muted":false,"flaky":false,"message":"expected [201] but found [401]","trace":"java.lang.AssertionError: expected [201] but found [401]\n\tat org.testng.Assert.fail(Assert.java:111)\n\tat org.testng.Assert.failNotEquals(Assert.java:1578)\n\tat org.testng.Assert.assertEqualsImpl(Assert.java:150)\n\tat org.testng.Assert.assertEquals(Assert.java:132)\n\tat org.testng.Assert.assertEquals(Assert.java:1419)\n\tat org.testng.Assert.assertEquals(Assert.java:1383)\n\tat org.testng.Assert.assertEquals(Assert.java:1429)\n\tat stepdefinition.postRequest.i_should_get_status_code(postRequest.java:53)\n\tat ✽.I should get a status code \"201\"(file:///Users/anusuyaselvaraj/codebase/RestAPINInja/src/test/resources/features/post.feature:18)\n"},"stage":"finished","steps":[{"name":"Given  I have user data from the Excel CSV file \"src/test/resources/user_data.csv\"","status":"passed","statusDetails":{"known":false,"muted":false,"flaky":false},"stage":"finished","steps":[],"attachments":[],"parameters":[],"start":1727304109171,"stop":1727304109197},{"name":"When  I send a POST request to create the user from row 1","status":"passed","statusDetails":{"known":false,"muted":false,"flaky":false},"stage":"finished","steps":[],"attachments":[],"parameters":[],"start":1727304109199,"stop":1727304112101},{"name":"Then  I should get a status code \"201\"","status":"failed","statusDetails":{"known":false,"muted":false,"flaky":false,"message":"expected [201] but found [401]","trace":"java.lang.AssertionError: expected [201] but found [401]\n\tat org.testng.Assert.fail(Assert.java:111)\n\tat org.testng.Assert.failNotEquals(Assert.java:1578)\n\tat org.testng.Assert.assertEqualsImpl(Assert.java:150)\n\tat org.testng.Assert.assertEquals(Assert.java:132)\n\tat org.testng.Assert.assertEquals(Assert.java:1419)\n\tat org.testng.Assert.assertEquals(Assert.java:1383)\n\tat org.testng.Assert.assertEquals(Assert.java:1429)\n\tat stepdefinition.postRequest.i_should_get_status_code(postRequest.java:53)\n\tat ✽.I should get a status code \"201\"(file:///Users/anusuyaselvaraj/codebase/RestAPINInja/src/test/resources/features/post.feature:18)\n"},"stage":"finished","steps":[],"attachments":[],"parameters":[],"start":1727304112105,"stop":1727304112138},{"name":"And  the status line should be \"HTTP/1.1 201 Created\"","status":"skipped","statusDetails":{"known":false,"muted":false,"flaky":false},"stage":"finished","steps":[],"attachments":[],"parameters":[],"start":1727304112142,"stop":1727304112145}],"attachments":[],"parameters":[{"name":"file_path","value":"src/test/resources/user_data.csv"},{"name":"row_number","value":"1"},{"name":"status_code","value":"201"},{"name":"status_line","value":"HTTP/1.1 201 Created"}],"start":1727304109162,"stop":1727304112155}