{"uuid":"69c87505-e5ab-4f6b-9957-d03312e7a937","historyId":"95edc30a05a0ea29c6b30a4afba7d65e","fullName":"src/test/resources/features/useroperations.feature:20","labels":[{"name":"tag","value":"tag"},{"name":"tag","value":"GetAll"},{"name":"host","value":"Anusuyas-MBP.lan"},{"name":"thread","value":"30160@Anusuyas-MBP.lan.main(1)"},{"name":"feature","value":"Verify to Get All users"},{"name":"story","value":"Get All Users scenario"},{"name":"suite","value":"Verify to Get All users"},{"name":"testClass","value":"Get All Users scenario"},{"name":"framework","value":"cucumber4jvm"},{"name":"language","value":"java"},{"name":"gherkin_uri","value":"file:///Users/anusuyaselvaraj/codebase/RestAPINInja/src/test/resources/features/useroperations.feature"},{"name":"package","value":"src.test.resources.features.useroperations_feature.Verify to Get All users"}],"links":[],"name":"Get All Users scenario","status":"failed","statusDetails":{"known":false,"muted":false,"flaky":false,"message":"The response value for 'status' does not match! expected [Not Found] but found [404]","trace":"java.lang.AssertionError: The response value for 'status' does not match! expected [Not Found] but found [404]\n\tat org.testng.Assert.fail(Assert.java:111)\n\tat org.testng.Assert.failNotEquals(Assert.java:1578)\n\tat org.testng.Assert.assertEqualsImpl(Assert.java:150)\n\tat org.testng.Assert.assertEquals(Assert.java:132)\n\tat org.testng.Assert.assertEquals(Assert.java:656)\n\tat stepdefinition.getAllUsers.the_response_status_is(getAllUsers.java:83)\n\tat ✽.the response \"status\" is \"Not Found\"(file:///Users/anusuyaselvaraj/codebase/RestAPINInja/src/test/resources/features/useroperations.feature:14)\n"},"stage":"finished","steps":[{"name":"Given  the base URI is \"https://userserviceapp-f5a54828541b.herokuapp.com/uap/\"","status":"passed","statusDetails":{"known":false,"muted":false,"flaky":false},"stage":"finished","steps":[],"attachments":[],"parameters":[],"start":1727276324793,"stop":1727276324797},{"name":"When  Verify to send \"GET\" request to the \"invalid\" with \"Basic\"","status":"passed","statusDetails":{"known":false,"muted":false,"flaky":false},"stage":"finished","steps":[],"attachments":[],"parameters":[],"start":1727276324797,"stop":1727276325743},{"name":"Then  the response status code should be 404","status":"passed","statusDetails":{"known":false,"muted":false,"flaky":false},"stage":"finished","steps":[],"attachments":[],"parameters":[],"start":1727276325757,"stop":1727276325761},{"name":"And  the response \"status\" is \"Not Found\"","status":"failed","statusDetails":{"known":false,"muted":false,"flaky":false,"message":"The response value for 'status' does not match! expected [Not Found] but found [404]","trace":"java.lang.AssertionError: The response value for 'status' does not match! expected [Not Found] but found [404]\n\tat org.testng.Assert.fail(Assert.java:111)\n\tat org.testng.Assert.failNotEquals(Assert.java:1578)\n\tat org.testng.Assert.assertEqualsImpl(Assert.java:150)\n\tat org.testng.Assert.assertEquals(Assert.java:132)\n\tat org.testng.Assert.assertEquals(Assert.java:656)\n\tat stepdefinition.getAllUsers.the_response_status_is(getAllUsers.java:83)\n\tat ✽.the response \"status\" is \"Not Found\"(file:///Users/anusuyaselvaraj/codebase/RestAPINInja/src/test/resources/features/useroperations.feature:14)\n"},"stage":"finished","steps":[],"attachments":[],"parameters":[],"start":1727276325762,"stop":1727276325884}],"attachments":[],"parameters":[{"name":"method","value":"GET"},{"name":"endpoint","value":"invalid"},{"name":"auth","value":"Basic"},{"name":"status_code","value":"404"},{"name":"status_line","value":"Not Found"}],"start":1727276324785,"stop":1727276325885}