{"uuid":"72350a3f-6df6-4485-8c04-8d383b673e57","historyId":"701c03ffe1f0aa34e4b3ce9a13e2f855","fullName":"src/test/resources/features/useroperations.feature:26","labels":[{"name":"tag","value":"tag"},{"name":"tag","value":"GetAll"},{"name":"host","value":"Anusuyas-MBP.lan"},{"name":"thread","value":"27467@Anusuyas-MBP.lan.main(1)"},{"name":"feature","value":"Verify to Get All users"},{"name":"story","value":"Get All Users scenario"},{"name":"suite","value":"Verify to Get All users"},{"name":"testClass","value":"Get All Users scenario"},{"name":"framework","value":"cucumber4jvm"},{"name":"language","value":"java"},{"name":"gherkin_uri","value":"file:///Users/anusuyaselvaraj/codebase/RestAPINInja/src/test/resources/features/useroperations.feature"},{"name":"package","value":"src.test.resources.features.useroperations_feature.Verify to Get All users"}],"links":[],"name":"Get All Users scenario","status":"failed","statusDetails":{"known":false,"muted":false,"flaky":false,"message":"Status line does not match! expected [Method Not Allowed] but found [HTTP/1.1 405 ]","trace":"java.lang.AssertionError: Status line does not match! expected [Method Not Allowed] but found [HTTP/1.1 405 ]\n\tat org.testng.Assert.fail(Assert.java:111)\n\tat org.testng.Assert.failNotEquals(Assert.java:1578)\n\tat org.testng.Assert.assertEqualsImpl(Assert.java:150)\n\tat org.testng.Assert.assertEquals(Assert.java:132)\n\tat org.testng.Assert.assertEquals(Assert.java:656)\n\tat stepdefinition.getAllUsers.the_response_status_line_should_be(getAllUsers.java:51)\n\tat ✽.the response status line should be \"Method Not Allowed\"(file:///Users/anusuyaselvaraj/codebase/RestAPINInja/src/test/resources/features/useroperations.feature:14)\n"},"stage":"finished","steps":[{"name":"Given  the base URI is \"https://userserviceapp-f5a54828541b.herokuapp.com/uap/\"","status":"passed","statusDetails":{"known":false,"muted":false,"flaky":false},"stage":"finished","steps":[],"attachments":[],"parameters":[],"start":1727213696550,"stop":1727213696551},{"name":"When  Verify to send \"DELETE\" request to the \"users\" with \"Basic\"","status":"passed","statusDetails":{"known":false,"muted":false,"flaky":false},"stage":"finished","steps":[],"attachments":[],"parameters":[],"start":1727213696551,"stop":1727213697201},{"name":"Then  the response status code should be 405","status":"passed","statusDetails":{"known":false,"muted":false,"flaky":false},"stage":"finished","steps":[],"attachments":[],"parameters":[],"start":1727213697203,"stop":1727213697206},{"name":"And  the response status line should be \"Method Not Allowed\"","status":"failed","statusDetails":{"known":false,"muted":false,"flaky":false,"message":"Status line does not match! expected [Method Not Allowed] but found [HTTP/1.1 405 ]","trace":"java.lang.AssertionError: Status line does not match! expected [Method Not Allowed] but found [HTTP/1.1 405 ]\n\tat org.testng.Assert.fail(Assert.java:111)\n\tat org.testng.Assert.failNotEquals(Assert.java:1578)\n\tat org.testng.Assert.assertEqualsImpl(Assert.java:150)\n\tat org.testng.Assert.assertEquals(Assert.java:132)\n\tat org.testng.Assert.assertEquals(Assert.java:656)\n\tat stepdefinition.getAllUsers.the_response_status_line_should_be(getAllUsers.java:51)\n\tat ✽.the response status line should be \"Method Not Allowed\"(file:///Users/anusuyaselvaraj/codebase/RestAPINInja/src/test/resources/features/useroperations.feature:14)\n"},"stage":"finished","steps":[],"attachments":[],"parameters":[],"start":1727213697207,"stop":1727213697212}],"attachments":[],"parameters":[{"name":"method","value":"DELETE"},{"name":"endpoint","value":"users"},{"name":"auth","value":"Basic"},{"name":"status_code","value":"405"},{"name":"status_line","value":"Method Not Allowed"}],"start":1727213696550,"stop":1727213697214}