{"uuid":"aea88346-eef1-4953-a7ea-1a253c443d5c","historyId":"79ee5ded9dffa6cd055450ebb69796a7","fullName":"src/test/resources/features/GetAll.feature:21","labels":[{"name":"tag","value":"GetAll"},{"name":"tag","value":"GetAllpositiveandnegative"},{"name":"host","value":"Anusuyas-MBP.lan"},{"name":"thread","value":"46550@Anusuyas-MBP.lan.main(1)"},{"name":"feature","value":"Verify to Get All users"},{"name":"story","value":"Get All Users scenario - verification"},{"name":"suite","value":"Verify to Get All users"},{"name":"testClass","value":"Get All Users scenario - verification"},{"name":"framework","value":"cucumber4jvm"},{"name":"language","value":"java"},{"name":"gherkin_uri","value":"file:///Users/anusuyaselvaraj/codebase/RestAPINInja/src/test/resources/features/GetAll.feature"},{"name":"package","value":"src.test.resources.features.GetAll_feature.Verify to Get All users"}],"links":[],"name":"Get All Users scenario - verification","status":"failed","statusDetails":{"known":false,"muted":false,"flaky":false,"message":"expected [HTTP/1.1 404 ] but found [HTTP/1.1 404]","trace":"java.lang.AssertionError: expected [HTTP/1.1 404 ] but found [HTTP/1.1 404]\n\tat org.testng.Assert.fail(Assert.java:111)\n\tat org.testng.Assert.failNotEquals(Assert.java:1578)\n\tat org.testng.Assert.assertEqualsImpl(Assert.java:150)\n\tat org.testng.Assert.assertEquals(Assert.java:132)\n\tat org.testng.Assert.assertEquals(Assert.java:656)\n\tat org.testng.Assert.assertEquals(Assert.java:666)\n\tat stepdefinition.getAllUsers.validateStatusLine(getAllUsers.java:129)\n\tat ✽.status line is \"HTTP/1.1 404\"(file:///Users/anusuyaselvaraj/codebase/RestAPINInja/src/test/resources/features/GetAll.feature:13)\n"},"stage":"finished","steps":[{"name":"Given  base URI is invoked","status":"passed","statusDetails":{"known":false,"muted":false,"flaky":false},"stage":"finished","steps":[],"attachments":[],"parameters":[],"start":1727559432721,"stop":1727559432722},{"name":"When  Verify to send \"GET\" request to the \"null\" with \"Basic\"","status":"passed","statusDetails":{"known":false,"muted":false,"flaky":false},"stage":"finished","steps":[],"attachments":[],"parameters":[],"start":1727559432722,"stop":1727559433384},{"name":"Then  the response is validated for \"404\"","status":"passed","statusDetails":{"known":false,"muted":false,"flaky":false},"stage":"finished","steps":[],"attachments":[],"parameters":[],"start":1727559433386,"stop":1727559433483},{"name":"And  status line is \"HTTP/1.1 404\"","status":"failed","statusDetails":{"known":false,"muted":false,"flaky":false,"message":"expected [HTTP/1.1 404 ] but found [HTTP/1.1 404]","trace":"java.lang.AssertionError: expected [HTTP/1.1 404 ] but found [HTTP/1.1 404]\n\tat org.testng.Assert.fail(Assert.java:111)\n\tat org.testng.Assert.failNotEquals(Assert.java:1578)\n\tat org.testng.Assert.assertEqualsImpl(Assert.java:150)\n\tat org.testng.Assert.assertEquals(Assert.java:132)\n\tat org.testng.Assert.assertEquals(Assert.java:656)\n\tat org.testng.Assert.assertEquals(Assert.java:666)\n\tat stepdefinition.getAllUsers.validateStatusLine(getAllUsers.java:129)\n\tat ✽.status line is \"HTTP/1.1 404\"(file:///Users/anusuyaselvaraj/codebase/RestAPINInja/src/test/resources/features/GetAll.feature:13)\n"},"stage":"finished","steps":[],"attachments":[],"parameters":[],"start":1727559433483,"stop":1727559433487}],"attachments":[],"parameters":[{"name":"method","value":"GET"},{"name":"endpoint","value":"null"},{"name":"auth","value":"Basic"},{"name":"status_code","value":"404"},{"name":"status_line","value":"HTTP/1.1 404"}],"start":1727559432719,"stop":1727559433490}