{"uuid":"c68958bc-0898-402e-8bdc-4649c178d559","historyId":"701c03ffe1f0aa34e4b3ce9a13e2f855","fullName":"src/test/resources/features/useroperations.feature:26","labels":[{"name":"tag","value":"tag"},{"name":"tag","value":"GetAll"},{"name":"host","value":"Anusuyas-MBP.lan"},{"name":"thread","value":"29952@Anusuyas-MBP.lan.main(1)"},{"name":"feature","value":"Verify to Get All users"},{"name":"story","value":"Get All Users scenario"},{"name":"suite","value":"Verify to Get All users"},{"name":"testClass","value":"Get All Users scenario"},{"name":"framework","value":"cucumber4jvm"},{"name":"language","value":"java"},{"name":"gherkin_uri","value":"file:///Users/anusuyaselvaraj/codebase/RestAPINInja/src/test/resources/features/useroperations.feature"},{"name":"package","value":"src.test.resources.features.useroperations_feature.Verify to Get All users"}],"links":[],"name":"Get All Users scenario","status":"failed","statusDetails":{"known":false,"muted":false,"flaky":false,"message":"expected [405] but found [io.restassured.internal.ValidatableResponseImpl@349f3ff7]","trace":"java.lang.AssertionError: expected [405] but found [io.restassured.internal.ValidatableResponseImpl@349f3ff7]\n\tat org.testng.Assert.fail(Assert.java:111)\n\tat org.testng.Assert.failNotEquals(Assert.java:1578)\n\tat org.testng.Assert.assertEqualsImpl(Assert.java:150)\n\tat org.testng.Assert.assertEquals(Assert.java:132)\n\tat org.testng.Assert.assertEquals(Assert.java:644)\n\tat stepdefinition.getAllUsers.the_response_status_code_should_be(getAllUsers.java:69)\n\tat ✽.the response status code should be 405(file:///Users/anusuyaselvaraj/codebase/RestAPINInja/src/test/resources/features/useroperations.feature:13)\n"},"stage":"finished","steps":[{"name":"Given  the base URI is \"https://userserviceapp-f5a54828541b.herokuapp.com/uap/\"","status":"passed","statusDetails":{"known":false,"muted":false,"flaky":false},"stage":"finished","steps":[],"attachments":[],"parameters":[],"start":1727275328256,"stop":1727275328257},{"name":"When  Verify to send \"DELETE\" request to the \"users\" with \"Basic\"","status":"passed","statusDetails":{"known":false,"muted":false,"flaky":false},"stage":"finished","steps":[],"attachments":[],"parameters":[],"start":1727275328259,"stop":1727275329107},{"name":"Then  the response status code should be 405","status":"failed","statusDetails":{"known":false,"muted":false,"flaky":false,"message":"expected [405] but found [io.restassured.internal.ValidatableResponseImpl@349f3ff7]","trace":"java.lang.AssertionError: expected [405] but found [io.restassured.internal.ValidatableResponseImpl@349f3ff7]\n\tat org.testng.Assert.fail(Assert.java:111)\n\tat org.testng.Assert.failNotEquals(Assert.java:1578)\n\tat org.testng.Assert.assertEqualsImpl(Assert.java:150)\n\tat org.testng.Assert.assertEquals(Assert.java:132)\n\tat org.testng.Assert.assertEquals(Assert.java:644)\n\tat stepdefinition.getAllUsers.the_response_status_code_should_be(getAllUsers.java:69)\n\tat ✽.the response status code should be 405(file:///Users/anusuyaselvaraj/codebase/RestAPINInja/src/test/resources/features/useroperations.feature:13)\n"},"stage":"finished","steps":[],"attachments":[],"parameters":[],"start":1727275329112,"stop":1727275329130},{"name":"And  the response \"status_line\" should be \"Method Not Allowed\"","status":"skipped","statusDetails":{"known":false,"muted":false,"flaky":false},"stage":"finished","steps":[],"attachments":[],"parameters":[],"start":1727275329131,"stop":1727275329132}],"attachments":[],"parameters":[{"name":"method","value":"DELETE"},{"name":"endpoint","value":"users"},{"name":"auth","value":"Basic"},{"name":"status_code","value":"405"},{"name":"status_line","value":"Method Not Allowed"}],"start":1727275328255,"stop":1727275329132}