{"uuid":"d702d06d-1e8a-4b4b-8589-69bc1e586883","historyId":"9e6aca4e521a88ff162ac1b89710b51","fullName":"src/test/resources/features/GetAll.feature:20","labels":[{"name":"tag","value":"GetAll"},{"name":"tag","value":"GetAllpositiveandnegative"},{"name":"host","value":"Anusuyas-MBP.lan"},{"name":"thread","value":"46550@Anusuyas-MBP.lan.main(1)"},{"name":"feature","value":"Verify to Get All users"},{"name":"story","value":"Get All Users scenario - verification"},{"name":"suite","value":"Verify to Get All users"},{"name":"testClass","value":"Get All Users scenario - verification"},{"name":"framework","value":"cucumber4jvm"},{"name":"language","value":"java"},{"name":"gherkin_uri","value":"file:///Users/anusuyaselvaraj/codebase/RestAPINInja/src/test/resources/features/GetAll.feature"},{"name":"package","value":"src.test.resources.features.GetAll_feature.Verify to Get All users"}],"links":[],"name":"Get All Users scenario - verification","status":"failed","statusDetails":{"known":false,"muted":false,"flaky":false,"message":"expected [HTTP/1.1 404 ] but found [HTTP/1.1 404]","trace":"java.lang.AssertionError: expected [HTTP/1.1 404 ] but found [HTTP/1.1 404]\n\tat org.testng.Assert.fail(Assert.java:111)\n\tat org.testng.Assert.failNotEquals(Assert.java:1578)\n\tat org.testng.Assert.assertEqualsImpl(Assert.java:150)\n\tat org.testng.Assert.assertEquals(Assert.java:132)\n\tat org.testng.Assert.assertEquals(Assert.java:656)\n\tat org.testng.Assert.assertEquals(Assert.java:666)\n\tat stepdefinition.getAllUsers.validateStatusLine(getAllUsers.java:129)\n\tat ✽.status line is \"HTTP/1.1 404\"(file:///Users/anusuyaselvaraj/codebase/RestAPINInja/src/test/resources/features/GetAll.feature:13)\n"},"stage":"finished","steps":[{"name":"Given  base URI is invoked","status":"passed","statusDetails":{"known":false,"muted":false,"flaky":false},"stage":"finished","steps":[],"attachments":[],"parameters":[],"start":1727559430612,"stop":1727559430613},{"name":"When  Verify to send \"GET\" request to the \"\" with \"Basic\"","status":"passed","statusDetails":{"known":false,"muted":false,"flaky":false},"stage":"finished","steps":[],"attachments":[],"parameters":[],"start":1727559430613,"stop":1727559431415},{"name":"Then  the response is validated for \"404\"","status":"passed","statusDetails":{"known":false,"muted":false,"flaky":false},"stage":"finished","steps":[],"attachments":[],"parameters":[],"start":1727559431417,"stop":1727559432660},{"name":"And  status line is \"HTTP/1.1 404\"","status":"failed","statusDetails":{"known":false,"muted":false,"flaky":false,"message":"expected [HTTP/1.1 404 ] but found [HTTP/1.1 404]","trace":"java.lang.AssertionError: expected [HTTP/1.1 404 ] but found [HTTP/1.1 404]\n\tat org.testng.Assert.fail(Assert.java:111)\n\tat org.testng.Assert.failNotEquals(Assert.java:1578)\n\tat org.testng.Assert.assertEqualsImpl(Assert.java:150)\n\tat org.testng.Assert.assertEquals(Assert.java:132)\n\tat org.testng.Assert.assertEquals(Assert.java:656)\n\tat org.testng.Assert.assertEquals(Assert.java:666)\n\tat stepdefinition.getAllUsers.validateStatusLine(getAllUsers.java:129)\n\tat ✽.status line is \"HTTP/1.1 404\"(file:///Users/anusuyaselvaraj/codebase/RestAPINInja/src/test/resources/features/GetAll.feature:13)\n"},"stage":"finished","steps":[],"attachments":[],"parameters":[],"start":1727559432666,"stop":1727559432688}],"attachments":[],"parameters":[{"name":"method","value":"GET"},{"name":"endpoint","value":""},{"name":"auth","value":"Basic"},{"name":"status_code","value":"404"},{"name":"status_line","value":"HTTP/1.1 404"}],"start":1727559430610,"stop":1727559432690}