{"uuid":"d78129ce-427d-48db-8a2e-c056fc8a2f68","historyId":"ecf3bf034a9e42ac72085499d22121ea","fullName":"src/test/resources/features/useroperations.feature:24","labels":[{"name":"tag","value":"tag"},{"name":"tag","value":"GetAll"},{"name":"host","value":"Anusuyas-MBP.lan"},{"name":"thread","value":"30116@Anusuyas-MBP.lan.main(1)"},{"name":"feature","value":"Verify to Get All users"},{"name":"story","value":"Get All Users scenario"},{"name":"suite","value":"Verify to Get All users"},{"name":"testClass","value":"Get All Users scenario"},{"name":"framework","value":"cucumber4jvm"},{"name":"language","value":"java"},{"name":"gherkin_uri","value":"file:///Users/anusuyaselvaraj/codebase/RestAPINInja/src/test/resources/features/useroperations.feature"},{"name":"package","value":"src.test.resources.features.useroperations_feature.Verify to Get All users"}],"links":[],"name":"Get All Users scenario","status":"failed","statusDetails":{"known":false,"muted":false,"flaky":false,"message":"The response value for 'status' does not match! expected [Method Not Allowed] but found [405]","trace":"java.lang.AssertionError: The response value for 'status' does not match! expected [Method Not Allowed] but found [405]\n\tat org.testng.Assert.fail(Assert.java:111)\n\tat org.testng.Assert.failNotEquals(Assert.java:1578)\n\tat org.testng.Assert.assertEqualsImpl(Assert.java:150)\n\tat org.testng.Assert.assertEquals(Assert.java:132)\n\tat org.testng.Assert.assertEquals(Assert.java:656)\n\tat stepdefinition.getAllUsers.the_response_status_is(getAllUsers.java:79)\n\tat ✽.the response \"status\" is \"Method Not Allowed\"(file:///Users/anusuyaselvaraj/codebase/RestAPINInja/src/test/resources/features/useroperations.feature:14)\n"},"stage":"finished","steps":[{"name":"Given  the base URI is \"https://userserviceapp-f5a54828541b.herokuapp.com/uap/\"","status":"passed","statusDetails":{"known":false,"muted":false,"flaky":false},"stage":"finished","steps":[],"attachments":[],"parameters":[],"start":1727276119611,"stop":1727276119612},{"name":"When  Verify to send \"POST\" request to the \"users\" with \"Basic\"","status":"passed","statusDetails":{"known":false,"muted":false,"flaky":false},"stage":"finished","steps":[],"attachments":[],"parameters":[],"start":1727276119612,"stop":1727276120312},{"name":"Then  the response status code should be 405","status":"passed","statusDetails":{"known":false,"muted":false,"flaky":false},"stage":"finished","steps":[],"attachments":[],"parameters":[],"start":1727276120314,"stop":1727276120321},{"name":"And  the response \"status\" is \"Method Not Allowed\"","status":"failed","statusDetails":{"known":false,"muted":false,"flaky":false,"message":"The response value for 'status' does not match! expected [Method Not Allowed] but found [405]","trace":"java.lang.AssertionError: The response value for 'status' does not match! expected [Method Not Allowed] but found [405]\n\tat org.testng.Assert.fail(Assert.java:111)\n\tat org.testng.Assert.failNotEquals(Assert.java:1578)\n\tat org.testng.Assert.assertEqualsImpl(Assert.java:150)\n\tat org.testng.Assert.assertEquals(Assert.java:132)\n\tat org.testng.Assert.assertEquals(Assert.java:656)\n\tat stepdefinition.getAllUsers.the_response_status_is(getAllUsers.java:79)\n\tat ✽.the response \"status\" is \"Method Not Allowed\"(file:///Users/anusuyaselvaraj/codebase/RestAPINInja/src/test/resources/features/useroperations.feature:14)\n"},"stage":"finished","steps":[],"attachments":[],"parameters":[],"start":1727276120322,"stop":1727276120378}],"attachments":[],"parameters":[{"name":"method","value":"POST"},{"name":"endpoint","value":"users"},{"name":"auth","value":"Basic"},{"name":"status_code","value":"405"},{"name":"status_line","value":"Method Not Allowed"}],"start":1727276119610,"stop":1727276120379}