{"uuid":"e8d61d2d-6a8f-4f4f-b4ed-88707b440679","historyId":"dde7d93597a5f9780c7479847a83e389","fullName":"src/test/resources/features/useroperations.feature:19","labels":[{"name":"tag","value":"tag"},{"name":"tag","value":"GetAll"},{"name":"host","value":"Anusuyas-MBP.lan"},{"name":"thread","value":"27589@Anusuyas-MBP.lan.main(1)"},{"name":"feature","value":"Verify to Get All users"},{"name":"story","value":"Get All Users scenario"},{"name":"suite","value":"Verify to Get All users"},{"name":"testClass","value":"Get All Users scenario"},{"name":"framework","value":"cucumber4jvm"},{"name":"language","value":"java"},{"name":"gherkin_uri","value":"file:///Users/anusuyaselvaraj/codebase/RestAPINInja/src/test/resources/features/useroperations.feature"},{"name":"package","value":"src.test.resources.features.useroperations_feature.Verify to Get All users"}],"links":[],"name":"Get All Users scenario","status":"failed","statusDetails":{"known":false,"muted":false,"flaky":false,"message":"Reason phrase does not match! expected [HTTP/1.1 200 OK] but found []","trace":"java.lang.AssertionError: Reason phrase does not match! expected [HTTP/1.1 200 OK] but found []\n\tat org.testng.Assert.fail(Assert.java:111)\n\tat org.testng.Assert.failNotEquals(Assert.java:1578)\n\tat org.testng.Assert.assertEqualsImpl(Assert.java:150)\n\tat org.testng.Assert.assertEquals(Assert.java:132)\n\tat org.testng.Assert.assertEquals(Assert.java:656)\n\tat stepdefinition.getAllUsers.the_response_status_line_should_be(getAllUsers.java:55)\n\tat ✽.the response status line should be \"HTTP/1.1 200 OK\"(file:///Users/anusuyaselvaraj/codebase/RestAPINInja/src/test/resources/features/useroperations.feature:14)\n"},"stage":"finished","steps":[{"name":"Given  the base URI is \"https://userserviceapp-f5a54828541b.herokuapp.com/uap/\"","status":"passed","statusDetails":{"known":false,"muted":false,"flaky":false},"stage":"finished","steps":[],"attachments":[],"parameters":[],"start":1727214282191,"stop":1727214282633},{"name":"When  Verify to send \"GET\" request to the \"users\" with \"Basic\"","status":"passed","statusDetails":{"known":false,"muted":false,"flaky":false},"stage":"finished","steps":[],"attachments":[],"parameters":[],"start":1727214282638,"stop":1727214285424},{"name":"Then  the response status code should be 200","status":"passed","statusDetails":{"known":false,"muted":false,"flaky":false},"stage":"finished","steps":[],"attachments":[],"parameters":[],"start":1727214285426,"stop":1727214285462},{"name":"And  the response status line should be \"HTTP/1.1 200 OK\"","status":"failed","statusDetails":{"known":false,"muted":false,"flaky":false,"message":"Reason phrase does not match! expected [HTTP/1.1 200 OK] but found []","trace":"java.lang.AssertionError: Reason phrase does not match! expected [HTTP/1.1 200 OK] but found []\n\tat org.testng.Assert.fail(Assert.java:111)\n\tat org.testng.Assert.failNotEquals(Assert.java:1578)\n\tat org.testng.Assert.assertEqualsImpl(Assert.java:150)\n\tat org.testng.Assert.assertEquals(Assert.java:132)\n\tat org.testng.Assert.assertEquals(Assert.java:656)\n\tat stepdefinition.getAllUsers.the_response_status_line_should_be(getAllUsers.java:55)\n\tat ✽.the response status line should be \"HTTP/1.1 200 OK\"(file:///Users/anusuyaselvaraj/codebase/RestAPINInja/src/test/resources/features/useroperations.feature:14)\n"},"stage":"finished","steps":[],"attachments":[],"parameters":[],"start":1727214285463,"stop":1727214285496}],"attachments":[],"parameters":[{"name":"method","value":"GET"},{"name":"endpoint","value":"users"},{"name":"auth","value":"Basic"},{"name":"status_code","value":"200"},{"name":"status_line","value":"HTTP/1.1 200 OK"}],"start":1727214282181,"stop":1727214285511}