{"uuid":"f28de988-5716-45dd-95dc-3c9d14d37ba8","historyId":"9dd7e79c27d3ca2db93efb90a80aa38","fullName":"src/test/resources/features/post.feature:24","labels":[{"name":"tag","value":"PostRequest"},{"name":"tag","value":"CreateUser"},{"name":"host","value":"Anusuyas-MBP.lan"},{"name":"thread","value":"34222@Anusuyas-MBP.lan.main(1)"},{"name":"feature","value":"Create User using post request"},{"name":"story","value":"Create a new user from CSV file"},{"name":"suite","value":"Create User using post request"},{"name":"testClass","value":"Create a new user from CSV file"},{"name":"framework","value":"cucumber4jvm"},{"name":"language","value":"java"},{"name":"gherkin_uri","value":"file:///Users/anusuyaselvaraj/codebase/RestAPINInja/src/test/resources/features/post.feature"},{"name":"package","value":"src.test.resources.features.post_feature.Create User using post request"}],"links":[],"name":"Create a new user from CSV file","status":"failed","statusDetails":{"known":false,"muted":false,"flaky":false,"message":"expected [201] but found [401]","trace":"java.lang.AssertionError: expected [201] but found [401]\n\tat org.testng.Assert.fail(Assert.java:111)\n\tat org.testng.Assert.failNotEquals(Assert.java:1578)\n\tat org.testng.Assert.assertEqualsImpl(Assert.java:150)\n\tat org.testng.Assert.assertEquals(Assert.java:132)\n\tat org.testng.Assert.assertEquals(Assert.java:1419)\n\tat org.testng.Assert.assertEquals(Assert.java:1383)\n\tat org.testng.Assert.assertEquals(Assert.java:1429)\n\tat stepdefinition.postRequest.i_should_get_status_code(postRequest.java:88)\n\tat ✽.I should get a status code \"201\"(file:///Users/anusuyaselvaraj/codebase/RestAPINInja/src/test/resources/features/post.feature:18)\n"},"stage":"finished","steps":[{"name":"Given  I have user data from the Excel CSV file \"src/test/resources/userdata.csv\"","status":"passed","statusDetails":{"known":false,"muted":false,"flaky":false},"stage":"finished","steps":[],"attachments":[],"parameters":[],"start":1727306137354,"stop":1727306137456},{"name":"When  I send a POST request to create the user from row 1","status":"passed","statusDetails":{"known":false,"muted":false,"flaky":false},"stage":"finished","steps":[],"attachments":[],"parameters":[],"start":1727306137458,"stop":1727306139359},{"name":"Then  I should get a status code \"201\"","status":"failed","statusDetails":{"known":false,"muted":false,"flaky":false,"message":"expected [201] but found [401]","trace":"java.lang.AssertionError: expected [201] but found [401]\n\tat org.testng.Assert.fail(Assert.java:111)\n\tat org.testng.Assert.failNotEquals(Assert.java:1578)\n\tat org.testng.Assert.assertEqualsImpl(Assert.java:150)\n\tat org.testng.Assert.assertEquals(Assert.java:132)\n\tat org.testng.Assert.assertEquals(Assert.java:1419)\n\tat org.testng.Assert.assertEquals(Assert.java:1383)\n\tat org.testng.Assert.assertEquals(Assert.java:1429)\n\tat stepdefinition.postRequest.i_should_get_status_code(postRequest.java:88)\n\tat ✽.I should get a status code \"201\"(file:///Users/anusuyaselvaraj/codebase/RestAPINInja/src/test/resources/features/post.feature:18)\n"},"stage":"finished","steps":[],"attachments":[],"parameters":[],"start":1727306139361,"stop":1727306139391},{"name":"And  the status line should be \"HTTP/1.1 201 Created\"","status":"skipped","statusDetails":{"known":false,"muted":false,"flaky":false},"stage":"finished","steps":[],"attachments":[],"parameters":[],"start":1727306139401,"stop":1727306139403}],"attachments":[],"parameters":[{"name":"file_path","value":"src/test/resources/userdata.csv"},{"name":"row_number","value":"1"},{"name":"status_code","value":"201"},{"name":"status_line","value":"HTTP/1.1 201 Created"}],"start":1727306136620,"stop":1727306139407}